<?xml version="1.0" encoding="UTF-8"?>
<!-- Generated by org.testng.reporters.JUnitReportReporter -->
<testsuite hostname="Akils-MacBook-Pro.local" name="pack2.Annotations" tests="2" failures="0" timestamp="25 Sep 2016 03:28:07 GMT" time="0.006" errors="0">
  <testcase name="DoSomething" time="0.005" classname="pack2.Annotations"/>
  <testcase name="OpenBrowser" time="0.001" classname="pack2.Annotations"/>
</testsuite> <!-- pack2.Annotations -->
