<?xml version="1.0" encoding="UTF-8"?>
<!-- Generated by org.testng.reporters.JUnitReportReporter -->
<testsuite hostname="Akils-MacBook-Pro.local" name="TestingFiles.DependencyAnnotations" tests="3" failures="0" timestamp="25 Sep 2016 03:28:07 GMT" time="0.003" errors="0">
  <testcase name="OpenBrowserB" time="0.001" classname="TestingFiles.DependencyAnnotations"/>
  <testcase name="ReliesOnTime" time="0.001" classname="TestingFiles.DependencyAnnotations"/>
  <testcase name="DoSomethingB" time="0.001" classname="TestingFiles.DependencyAnnotations"/>
</testsuite> <!-- TestingFiles.DependencyAnnotations -->
