<?xml version="1.0" encoding="UTF-8"?>
<!-- Generated by org.testng.reporters.JUnitReportReporter -->
<testsuite hostname="Akils-MacBook-Pro.local" name="pack2.DependencyAnnotations" tests="3" failures="0" timestamp="25 Sep 2016 03:28:07 GMT" time="0.007" errors="0">
  <testcase name="OpenBrowserB" time="0.001" classname="pack2.DependencyAnnotations"/>
  <testcase name="ReliesOnTime" time="0.005" classname="pack2.DependencyAnnotations"/>
  <testcase name="DoSomethingB" time="0.001" classname="pack2.DependencyAnnotations"/>
</testsuite> <!-- pack2.DependencyAnnotations -->
